Info: CustomCategory:analysis__desing: 299 mini seconds publishing element
Info: Role:analista_de_sistemas: 81 mini seconds publishing element
Info: Artifact:catlogo_de_reglas_de_negocio: 14 mini seconds publishing element
Info: Task:definir_interacciones_de_componentes: 22 mini seconds publishing element
Info: Task:definir_las_interacciones_entre_componentes: 12 mini seconds publishing element
Info: Task:definir_reglas_de_validacin_tcnica: 9 mini seconds publishing element
Info: Artifact:diagrama_de_actividad: 13 mini seconds publishing element
Info: Artifact:diagrama_de_casos_de_uso: 25 mini seconds publishing element
Info: Artifact:diagrama_de_comunicacin: 11 mini seconds publishing element
Info: Artifact:diagrama_de_dominio: 11 mini seconds publishing element
Info: Artifact:diagrama_de_interaccin: 12 mini seconds publishing element
Info: Artifact:diagrama_de_puntos_de_automatizacin: 13 mini seconds publishing element
Info: Artifact:diagramas_de_secuencia_o_comunicacin: 16 mini seconds publishing element
Info: Role:diseador_de_software: 73 mini seconds publishing element
Info: Task:disear_la_estructura_de_datos: 8 mini seconds publishing element
Info: Artifact:dominio_extendido_de_pagos_y_pedidos: 19 mini seconds publishing element
Info: Task:especificar_comportamiento_del_sistema: 17 mini seconds publishing element
Info: Task:establecer_modelo_conceptual_del_sistema: 10 mini seconds publishing element
Info: Task:identificar_funcionalidades_que_deben_automatizarse: 14 mini seconds publishing element
Info: Task:modelar_casos_de_uso_del_sistema: 11 mini seconds publishing element
Info: Task:modelar_entidades_adicionales_del_sistema: 12 mini seconds publishing element
Info: Task:modelar_interaccin_entre_actores_y_sistema: 10 mini seconds publishing element
Info: Artifact:modelo_de_datos_lgico: 11 mini seconds publishing element
Info: CustomCategory:bussiness_modeling: 18 mini seconds publishing element
Info: Role:analista_de_negocio: 70 mini seconds publishing element
Info: Role:arquitecto_de_negocio: 59 mini seconds publishing element
Info: Artifact:catlogo_de_reglas_de_negocio: 9 mini seconds publishing element
Info: Task:definir_capacidades_del_negocio: 10 mini seconds publishing element
Info: Task:definir_reglas_de_negocio: 13 mini seconds publishing element
Info: Artifact:diagrama_de_dominio: 12 mini seconds publishing element
Info: Task:documentar_problemas_del_negocio: 16 mini seconds publishing element
Info: Task:documentar_procesos_manuales_actuales: 16 mini seconds publishing element
Info: Task:establecer_alineacin_estratgica: 9 mini seconds publishing element
Info: Artifact:formulario_en_papel: 10 mini seconds publishing element
Info: Task:identificar_actores_del_negocio: 15 mini seconds publishing element
Info: Task:identificar_procesos_clave_del_negocio: 14 mini seconds publishing element
Info: Role:ingeniero_de_procesos: 50 mini seconds publishing element
Info: Artifact:lista_de_actores_del_negocio: 9 mini seconds publishing element
Info: Artifact:mapa_de_capacidades_del_negocio: 8 mini seconds publishing element
Info: Artifact:mapa_de_procesos: 9 mini seconds publishing element
Info: Task:modelar_estructura_organizacional_y_relaciones: 15 mini seconds publishing element
Info: Artifact:modelo_de_alineacin_estratgica: 13 mini seconds publishing element
Info: Artifact:registro_de_situaciones_problemticas: 12 mini seconds publishing element
Info: CustomCategory:implementation: 14 mini seconds publishing element
Info: Task:codificar_validaciones_de_negocio: 19 mini seconds publishing element
Info: Task:crear_pantalla_de_confirmacin_de_pedido: 9 mini seconds publishing element
Info: Role:desarrollador_backend: 52 mini seconds publishing element
Info: Role:desarrollador_frontend: 44 mini seconds publishing element
Info: Artifact:formulario_de_datos_del_cliente: 8 mini seconds publishing element
Info: Artifact:formulario_de_diseo_y_personalizacin: 8 mini seconds publishing element
Info: Artifact:implementacion_de_factura: 8 mini seconds publishing element
Info: Task:implementar_generacin_de_factura: 9 mini seconds publishing element
Info: Task:implementar_lgica_de_personalizacin_de_pasteles: 10 mini seconds publishing element
Info: Artifact:pantalla_de_confirmacin_de_pedido: 13 mini seconds publishing element
Info: Task:programar_captura_de_datos_del_cliente: 9 mini seconds publishing element
Info: Artifact:validaciones_integradas_reglas_r1-r13: 14 mini seconds publishing element
Info: CustomCategory:requirements: 13 mini seconds publishing element
Info: Artifact:diagrama_del_cu_del_sistema: 22 mini seconds publishing element
Info: Task:elaborar_casos_de_uso: 11 mini seconds publishing element
Info: Artifact:especificacin_de_casos_de_uso: 10 mini seconds publishing element
Info: Task:establecer_trazabilidad_de_requisitos: 7 mini seconds publishing element
Info: Role:ingeniero_de_requisitos: 56 mini seconds publishing element
Info: Artifact:lista_de_requisitos_funcionales: 8 mini seconds publishing element
Info: Artifact:matriz_de_trazabilidad: 14 mini seconds publishing element
Info: Task:organizar_funcionalidad_principal_del_sistema: 13 mini seconds publishing element
Info: Task:recopilar_requisitos_funcionales: 9 mini seconds publishing element
Info: Role:stakeholder_cliente_o_responsable_del_negocio: 40 mini seconds publishing element
Info: CustomCategory:test: 7 mini seconds publishing element
Info: Task:analizar_causas_de_defectos_y_prdidas: 8 mini seconds publishing element
Info: Artifact:catlogo_de_reglas_de_negocio: 9 mini seconds publishing element
Info: Role:coordinador_de_calidad: 48 mini seconds publishing element
Info: Artifact:diagrama_de_espina_de_pescado: 7 mini seconds publishing element
Info: Artifact:diagrama_de_pareto: 12 mini seconds publishing element
Info: Task:disear_casos_de_prueba: 8 mini seconds publishing element
Info: Task:documentar_resultados_de_prueba: 9 mini seconds publishing element
Info: Task:ejecutar_pruebas_funcionales: 11 mini seconds publishing element
Info: Artifact:escenarios_vividos_pedido_factura_pago: 15 mini seconds publishing element
Info: Artifact:formulario_de_pedido__pantalla_de_confirmacin__factura: 14 mini seconds publishing element
Info: Artifact:matriz_de_trazabilidad_de_requisitos: 11 mini seconds publishing element
Info: Task:planificar_estrategia_de_pruebas: 11 mini seconds publishing element
Info: Artifact:reporte_de_problemas__situaciones_problemticas: 12 mini seconds publishing element
Info: Role:tester__ingeniero_de_pruebas: 56 mini seconds publishing element
Info: Task:validar_reglas_de_negocio: 9 mini seconds publishing element
Info: Task:verificar_cobertura_de_requisitos: 6 mini seconds publishing element
Info: : Publishing time: 0 minutes 3 seconds
